# Logfile created on 2011-08-24 16:25:24 -0400 by logger.rb/25413
REQUESTING PAGE: GET /welcome with {} and HTTP headers {}
REQUESTING PAGE: POST /administrators with {"utf8"=>"\xE2\x9C\x93", "administrator"=>{"username"=>"", "password"=>"", "password_confirmation"=>"", "email"=>"", "firstname"=>"", "lastname"=>"", "is_superadmin"=>"1"}, "commit"=>"Continue"} and HTTP headers {"HTTP_REFERER"=>"/welcome"}
REQUESTING PAGE: GET /welcome with {} and HTTP headers {}
REQUESTING PAGE: POST /administrators with {"utf8"=>"\xE2\x9C\x93", "administrator"=>{"username"=>"", "password"=>"", "password_confirmation"=>"", "email"=>"", "firstname"=>"", "lastname"=>"", "is_superadmin"=>"1"}, "commit"=>"Continue"} and HTTP headers {"HTTP_REFERER"=>"/welcome"}
REQUESTING PAGE: GET /welcome with {} and HTTP headers {}
REQUESTING PAGE: POST /administrators with {"utf8"=>"\xE2\x9C\x93", "administrator"=>{"username"=>"", "password"=>"", "password_confirmation"=>"", "email"=>"", "firstname"=>"", "lastname"=>"", "is_superadmin"=>"1"}, "commit"=>"Continue"} and HTTP headers {"HTTP_REFERER"=>"/welcome"}
REQUESTING PAGE: GET /welcome with {} and HTTP headers {}
REQUESTING PAGE: POST /administrators with {"utf8"=>"\xE2\x9C\x93", "administrator"=>{"username"=>"davidmcclure", "password"=>"scholarslab", "password_confirmation"=>"scholarslab", "email"=>"david.mcclure@virginia.edu", "firstname"=>"David", "lastname"=>"McClure", "is_superadmin"=>"1"}, "commit"=>"Continue"} and HTTP headers {"HTTP_REFERER"=>"/welcome"}
REQUESTING PAGE: GET http://www.example.com/ with {} and HTTP headers {"HTTP_REFERER"=>"/administrators"}
REQUESTING PAGE: GET /welcome with {} and HTTP headers {}
REQUESTING PAGE: POST /administrators with {"utf8"=>"\xE2\x9C\x93", "administrator"=>{"username"=>"", "password"=>"", "password_confirmation"=>"", "email"=>"", "firstname"=>"", "lastname"=>"", "is_superadmin"=>"1"}, "commit"=>"Continue"} and HTTP headers {"HTTP_REFERER"=>"/welcome"}
REQUESTING PAGE: GET /welcome with {} and HTTP headers {}
REQUESTING PAGE: POST /administrators with {"utf8"=>"\xE2\x9C\x93", "administrator"=>{"username"=>"davidmcclure", "password"=>"scholarslab", "password_confirmation"=>"scholarslab", "email"=>"david.mcclure@virginia.edu", "firstname"=>"David", "lastname"=>"McClure", "is_superadmin"=>"1"}, "commit"=>"Continue"} and HTTP headers {"HTTP_REFERER"=>"/welcome"}
REQUESTING PAGE: GET http://www.example.com/ with {} and HTTP headers {"HTTP_REFERER"=>"/administrators"}
REQUESTING PAGE: GET /welcome with {} and HTTP headers {}
REQUESTING PAGE: POST /administrators with {"utf8"=>"\xE2\x9C\x93", "administrator"=>{"username"=>"", "password"=>"", "password_confirmation"=>"", "email"=>"", "firstname"=>"", "lastname"=>"", "is_superadmin"=>"1"}, "commit"=>"Continue"} and HTTP headers {"HTTP_REFERER"=>"/welcome"}
REQUESTING PAGE: GET /welcome with {} and HTTP headers {}
REQUESTING PAGE: POST /administrators with {"utf8"=>"\xE2\x9C\x93", "administrator"=>{"username"=>"davidmcclure", "password"=>"scholarslab", "password_confirmation"=>"scholarslab", "email"=>"david.mcclure@virginia.edu", "firstname"=>"David", "lastname"=>"McClure", "is_superadmin"=>"1"}, "commit"=>"Continue"} and HTTP headers {"HTTP_REFERER"=>"/welcome"}
REQUESTING PAGE: GET http://www.example.com/ with {} and HTTP headers {"HTTP_REFERER"=>"/administrators"}
REQUESTING PAGE: GET /welcome with {} and HTTP headers {}
REQUESTING PAGE: POST /administrators with {"utf8"=>"\xE2\x9C\x93", "administrator"=>{"username"=>"", "password"=>"", "password_confirmation"=>"", "email"=>"", "firstname"=>"", "lastname"=>"", "is_superadmin"=>"1"}, "commit"=>"Continue"} and HTTP headers {"HTTP_REFERER"=>"/welcome"}
REQUESTING PAGE: GET /welcome with {} and HTTP headers {}
REQUESTING PAGE: POST /administrators with {"utf8"=>"\xE2\x9C\x93", "administrator"=>{"username"=>"davidmcclure", "password"=>"scholarslab", "password_confirmation"=>"scholarslab", "email"=>"david.mcclure@virginia.edu", "firstname"=>"David", "lastname"=>"McClure", "is_superadmin"=>"1"}, "commit"=>"Continue"} and HTTP headers {"HTTP_REFERER"=>"/welcome"}
REQUESTING PAGE: GET http://www.example.com/ with {} and HTTP headers {"HTTP_REFERER"=>"/administrators"}
REQUESTING PAGE: GET /welcome with {} and HTTP headers {}
REQUESTING PAGE: POST /administrators with {"utf8"=>"\xE2\x9C\x93", "administrator"=>{"username"=>"", "password"=>"", "password_confirmation"=>"", "email"=>"", "firstname"=>"", "lastname"=>"", "is_superadmin"=>"1"}, "commit"=>"Continue"} and HTTP headers {"HTTP_REFERER"=>"/welcome"}
REQUESTING PAGE: GET /welcome with {} and HTTP headers {}
REQUESTING PAGE: POST /administrators with {"utf8"=>"\xE2\x9C\x93", "administrator"=>{"username"=>"davidmcclure", "password"=>"scholarslab", "password_confirmation"=>"scholarslab", "email"=>"david.mcclure@virginia.edu", "firstname"=>"David", "lastname"=>"McClure", "is_superadmin"=>"1"}, "commit"=>"Continue"} and HTTP headers {"HTTP_REFERER"=>"/welcome"}
REQUESTING PAGE: GET http://www.example.com/ with {} and HTTP headers {"HTTP_REFERER"=>"/administrators"}
REQUESTING PAGE: GET /welcome with {} and HTTP headers {}
REQUESTING PAGE: POST /administrators with {"utf8"=>"\xE2\x9C\x93", "administrator"=>{"username"=>"", "password"=>"", "password_confirmation"=>"", "email"=>"", "firstname"=>"", "lastname"=>"", "is_superadmin"=>"1"}, "commit"=>"Continue"} and HTTP headers {"HTTP_REFERER"=>"/welcome"}
REQUESTING PAGE: GET /welcome with {} and HTTP headers {}
REQUESTING PAGE: POST /administrators with {"utf8"=>"\xE2\x9C\x93", "administrator"=>{"username"=>"davidmcclure", "password"=>"scholarslab", "password_confirmation"=>"scholarslab", "email"=>"david.mcclure@virginia.edu", "firstname"=>"David", "lastname"=>"McClure", "is_superadmin"=>"1"}, "commit"=>"Continue"} and HTTP headers {"HTTP_REFERER"=>"/welcome"}
REQUESTING PAGE: GET http://www.example.com/ with {} and HTTP headers {"HTTP_REFERER"=>"/administrators"}
REQUESTING PAGE: GET /welcome with {} and HTTP headers {}
REQUESTING PAGE: POST /administrators with {"utf8"=>"\xE2\x9C\x93", "administrator"=>{"username"=>"", "password"=>"", "password_confirmation"=>"", "email"=>"", "firstname"=>"", "lastname"=>"", "is_superadmin"=>"1"}, "commit"=>"Continue"} and HTTP headers {"HTTP_REFERER"=>"/welcome"}
REQUESTING PAGE: GET /welcome with {} and HTTP headers {}
REQUESTING PAGE: POST /administrators with {"utf8"=>"\xE2\x9C\x93", "administrator"=>{"username"=>"davidmcclure", "password"=>"scholarslab", "password_confirmation"=>"scholarslab", "email"=>"david.mcclure@virginia.edu", "firstname"=>"David", "lastname"=>"McClure", "is_superadmin"=>"1"}, "commit"=>"Continue"} and HTTP headers {"HTTP_REFERER"=>"/welcome"}
REQUESTING PAGE: GET http://www.example.com/ with {} and HTTP headers {"HTTP_REFERER"=>"/administrators"}
REQUESTING PAGE: GET /welcome with {} and HTTP headers {}
REQUESTING PAGE: POST /administrators with {"utf8"=>"\xE2\x9C\x93", "administrator"=>{"username"=>"", "password"=>"", "password_confirmation"=>"", "email"=>"", "firstname"=>"", "lastname"=>"", "is_superadmin"=>"1"}, "commit"=>"Continue"} and HTTP headers {"HTTP_REFERER"=>"/welcome"}
REQUESTING PAGE: GET /welcome with {} and HTTP headers {}
REQUESTING PAGE: POST /administrators with {"utf8"=>"\xE2\x9C\x93", "administrator"=>{"username"=>"davidmcclure", "password"=>"scholarslab", "password_confirmation"=>"scholarslab", "email"=>"david.mcclure@virginia.edu", "firstname"=>"David", "lastname"=>"McClure", "is_superadmin"=>"1"}, "commit"=>"Continue"} and HTTP headers {"HTTP_REFERER"=>"/welcome"}
REQUESTING PAGE: GET http://www.example.com/ with {} and HTTP headers {"HTTP_REFERER"=>"/administrators"}
REQUESTING PAGE: GET /welcome with {} and HTTP headers {}
REQUESTING PAGE: POST /administrators with {"utf8"=>"\xE2\x9C\x93", "administrator"=>{"username"=>"", "password"=>"", "password_confirmation"=>"", "email"=>"", "firstname"=>"", "lastname"=>"", "is_superadmin"=>"1"}, "commit"=>"Continue"} and HTTP headers {"HTTP_REFERER"=>"/welcome"}
REQUESTING PAGE: GET /welcome with {} and HTTP headers {}
REQUESTING PAGE: POST /administrators with {"utf8"=>"\xE2\x9C\x93", "administrator"=>{"username"=>"davidmcclure", "password"=>"scholarslab", "password_confirmation"=>"scholarslab", "email"=>"david.mcclure@virginia.edu", "firstname"=>"David", "lastname"=>"McClure", "is_superadmin"=>"1"}, "commit"=>"Continue"} and HTTP headers {"HTTP_REFERER"=>"/welcome"}
REQUESTING PAGE: GET http://www.example.com/ with {} and HTTP headers {"HTTP_REFERER"=>"/administrators"}
REQUESTING PAGE: GET /welcome with {} and HTTP headers {}
REQUESTING PAGE: POST /administrators with {"utf8"=>"\xE2\x9C\x93", "administrator"=>{"username"=>"", "password"=>"", "password_confirmation"=>"", "email"=>"", "firstname"=>"", "lastname"=>"", "is_superadmin"=>"1"}, "commit"=>"Continue"} and HTTP headers {"HTTP_REFERER"=>"/welcome"}
REQUESTING PAGE: GET /welcome with {} and HTTP headers {}
REQUESTING PAGE: POST /administrators with {"utf8"=>"\xE2\x9C\x93", "administrator"=>{"username"=>"davidmcclure", "password"=>"scholarslab", "password_confirmation"=>"scholarslab", "email"=>"david.mcclure@virginia.edu", "firstname"=>"David", "lastname"=>"McClure", "is_superadmin"=>"1"}, "commit"=>"Continue"} and HTTP headers {"HTTP_REFERER"=>"/welcome"}
REQUESTING PAGE: GET http://www.example.com/ with {} and HTTP headers {"HTTP_REFERER"=>"/administrators"}
REQUESTING PAGE: GET /welcome with {} and HTTP headers {}
REQUESTING PAGE: POST /administrators with {"utf8"=>"\xE2\x9C\x93", "administrator"=>{"username"=>"", "password"=>"", "password_confirmation"=>"", "email"=>"", "firstname"=>"", "lastname"=>"", "is_superadmin"=>"1"}, "commit"=>"Continue"} and HTTP headers {"HTTP_REFERER"=>"/welcome"}
REQUESTING PAGE: GET /welcome with {} and HTTP headers {}
REQUESTING PAGE: POST /administrators with {"utf8"=>"\xE2\x9C\x93", "administrator"=>{"username"=>"davidmcclure", "password"=>"scholarslab", "password_confirmation"=>"scholarslab", "email"=>"david.mcclure@virginia.edu", "firstname"=>"David", "lastname"=>"McClure", "is_superadmin"=>"1"}, "commit"=>"Continue"} and HTTP headers {"HTTP_REFERER"=>"/welcome"}
REQUESTING PAGE: GET http://www.example.com/ with {} and HTTP headers {"HTTP_REFERER"=>"/administrators"}
REQUESTING PAGE: GET /welcome with {} and HTTP headers {}
REQUESTING PAGE: POST /administrators with {"utf8"=>"\xE2\x9C\x93", "administrator"=>{"username"=>"", "password"=>"", "password_confirmation"=>"", "email"=>"", "firstname"=>"", "lastname"=>"", "is_superadmin"=>"1"}, "commit"=>"Continue"} and HTTP headers {"HTTP_REFERER"=>"/welcome"}
REQUESTING PAGE: GET /welcome with {} and HTTP headers {}
REQUESTING PAGE: POST /administrators with {"utf8"=>"\xE2\x9C\x93", "administrator"=>{"username"=>"davidmcclure", "password"=>"scholarslab", "password_confirmation"=>"scholarslab", "email"=>"david.mcclure@virginia.edu", "firstname"=>"David", "lastname"=>"McClure", "is_superadmin"=>"1"}, "commit"=>"Continue"} and HTTP headers {"HTTP_REFERER"=>"/welcome"}
REQUESTING PAGE: GET http://www.example.com/ with {} and HTTP headers {"HTTP_REFERER"=>"/administrators"}
REQUESTING PAGE: GET /welcome with {} and HTTP headers {}
REQUESTING PAGE: POST /administrators with {"utf8"=>"\xE2\x9C\x93", "administrator"=>{"username"=>"", "password"=>"", "password_confirmation"=>"", "email"=>"", "firstname"=>"", "lastname"=>"", "is_superadmin"=>"1"}, "commit"=>"Continue"} and HTTP headers {"HTTP_REFERER"=>"/welcome"}
REQUESTING PAGE: GET /welcome with {} and HTTP headers {}
REQUESTING PAGE: POST /administrators with {"utf8"=>"\xE2\x9C\x93", "administrator"=>{"username"=>"davidmcclure", "password"=>"scholarslab", "password_confirmation"=>"scholarslab", "email"=>"david.mcclure@virginia.edu", "firstname"=>"David", "lastname"=>"McClure", "is_superadmin"=>"1"}, "commit"=>"Continue"} and HTTP headers {"HTTP_REFERER"=>"/welcome"}
REQUESTING PAGE: GET http://www.example.com/ with {} and HTTP headers {"HTTP_REFERER"=>"/administrators"}
REQUESTING PAGE: GET /welcome with {} and HTTP headers {}
REQUESTING PAGE: POST /administrators with {"utf8"=>"\xE2\x9C\x93", "administrator"=>{"username"=>"", "password"=>"", "password_confirmation"=>"", "email"=>"", "firstname"=>"", "lastname"=>"", "is_superadmin"=>"1"}, "commit"=>"Continue"} and HTTP headers {"HTTP_REFERER"=>"/welcome"}
REQUESTING PAGE: GET /welcome with {} and HTTP headers {}
REQUESTING PAGE: POST /administrators with {"utf8"=>"\xE2\x9C\x93", "administrator"=>{"username"=>"davidmcclure", "password"=>"scholarslab", "password_confirmation"=>"scholarslab", "email"=>"david.mcclure@virginia.edu", "firstname"=>"David", "lastname"=>"McClure", "is_superadmin"=>"1"}, "commit"=>"Continue"} and HTTP headers {"HTTP_REFERER"=>"/welcome"}
REQUESTING PAGE: GET http://www.example.com/ with {} and HTTP headers {"HTTP_REFERER"=>"/administrators"}
REQUESTING PAGE: GET /welcome with {} and HTTP headers {}
REQUESTING PAGE: POST /administrators with {"utf8"=>"\xE2\x9C\x93", "administrator"=>{"username"=>"", "password"=>"", "password_confirmation"=>"", "email"=>"", "firstname"=>"", "lastname"=>"", "is_superadmin"=>"1"}, "commit"=>"Continue"} and HTTP headers {"HTTP_REFERER"=>"/welcome"}
REQUESTING PAGE: GET /welcome with {} and HTTP headers {}
REQUESTING PAGE: POST /administrators with {"utf8"=>"\xE2\x9C\x93", "administrator"=>{"username"=>"davidmcclure", "password"=>"scholarslab", "password_confirmation"=>"scholarslab", "email"=>"david.mcclure@virginia.edu", "firstname"=>"David", "lastname"=>"McClure", "is_superadmin"=>"1"}, "commit"=>"Continue"} and HTTP headers {"HTTP_REFERER"=>"/welcome"}
REQUESTING PAGE: GET http://www.example.com/ with {} and HTTP headers {"HTTP_REFERER"=>"/administrators"}
REQUESTING PAGE: GET /welcome with {} and HTTP headers {}
REQUESTING PAGE: POST /administrators with {"utf8"=>"\xE2\x9C\x93", "administrator"=>{"username"=>"", "password"=>"", "password_confirmation"=>"", "email"=>"", "firstname"=>"", "lastname"=>"", "is_superadmin"=>"1"}, "commit"=>"Continue"} and HTTP headers {"HTTP_REFERER"=>"/welcome"}
REQUESTING PAGE: GET /welcome with {} and HTTP headers {}
REQUESTING PAGE: POST /administrators with {"utf8"=>"\xE2\x9C\x93", "administrator"=>{"username"=>"davidmcclure", "password"=>"scholarslab", "password_confirmation"=>"scholarslab", "email"=>"david.mcclure@virginia.edu", "firstname"=>"David", "lastname"=>"McClure", "is_superadmin"=>"1"}, "commit"=>"Continue"} and HTTP headers {"HTTP_REFERER"=>"/welcome"}
REQUESTING PAGE: GET http://www.example.com/ with {} and HTTP headers {"HTTP_REFERER"=>"/administrators"}
REQUESTING PAGE: GET /welcome with {} and HTTP headers {}
REQUESTING PAGE: POST /administrators with {"utf8"=>"\xE2\x9C\x93", "administrator"=>{"username"=>"", "password"=>"", "password_confirmation"=>"", "email"=>"", "firstname"=>"", "lastname"=>"", "is_superadmin"=>"1"}, "commit"=>"Continue"} and HTTP headers {"HTTP_REFERER"=>"/welcome"}
REQUESTING PAGE: GET /welcome with {} and HTTP headers {}
REQUESTING PAGE: POST /administrators with {"utf8"=>"\xE2\x9C\x93", "administrator"=>{"username"=>"davidmcclure", "password"=>"scholarslab", "password_confirmation"=>"scholarslab", "email"=>"david.mcclure@virginia.edu", "firstname"=>"David", "lastname"=>"McClure", "is_superadmin"=>"1"}, "commit"=>"Continue"} and HTTP headers {"HTTP_REFERER"=>"/welcome"}
REQUESTING PAGE: GET http://www.example.com/ with {} and HTTP headers {"HTTP_REFERER"=>"/administrators"}
REQUESTING PAGE: GET /welcome with {} and HTTP headers {}
REQUESTING PAGE: POST /administrators with {"utf8"=>"\xE2\x9C\x93", "administrator"=>{"username"=>"", "password"=>"", "password_confirmation"=>"", "email"=>"", "firstname"=>"", "lastname"=>"", "is_superadmin"=>"1"}, "commit"=>"Continue"} and HTTP headers {"HTTP_REFERER"=>"/welcome"}
REQUESTING PAGE: GET /welcome with {} and HTTP headers {}
REQUESTING PAGE: POST /administrators with {"utf8"=>"\xE2\x9C\x93", "administrator"=>{"username"=>"davidmcclure", "password"=>"scholarslab", "password_confirmation"=>"scholarslab", "email"=>"david.mcclure@virginia.edu", "firstname"=>"David", "lastname"=>"McClure", "is_superadmin"=>"1"}, "commit"=>"Continue"} and HTTP headers {"HTTP_REFERER"=>"/welcome"}
REQUESTING PAGE: GET http://www.example.com/ with {} and HTTP headers {"HTTP_REFERER"=>"/administrators"}
REQUESTING PAGE: GET /welcome with {} and HTTP headers {}
REQUESTING PAGE: POST /administrators with {"utf8"=>"\xE2\x9C\x93", "administrator"=>{"username"=>"", "password"=>"", "password_confirmation"=>"", "email"=>"", "firstname"=>"", "lastname"=>"", "is_superadmin"=>"1"}, "commit"=>"Continue"} and HTTP headers {"HTTP_REFERER"=>"/welcome"}
REQUESTING PAGE: GET /welcome with {} and HTTP headers {}
REQUESTING PAGE: POST /administrators with {"utf8"=>"\xE2\x9C\x93", "administrator"=>{"username"=>"davidmcclure", "password"=>"scholarslab", "password_confirmation"=>"scholarslab", "email"=>"david.mcclure@virginia.edu", "firstname"=>"David", "lastname"=>"McClure", "is_superadmin"=>"1"}, "commit"=>"Continue"} and HTTP headers {"HTTP_REFERER"=>"/welcome"}
REQUESTING PAGE: GET http://www.example.com/ with {} and HTTP headers {"HTTP_REFERER"=>"/administrators"}
REQUESTING PAGE: GET /welcome with {} and HTTP headers {}
REQUESTING PAGE: POST /administrators with {"utf8"=>"\xE2\x9C\x93", "administrator"=>{"username"=>"", "password"=>"", "password_confirmation"=>"", "email"=>"", "firstname"=>"", "lastname"=>"", "is_superadmin"=>"1"}, "commit"=>"Continue"} and HTTP headers {"HTTP_REFERER"=>"/welcome"}
REQUESTING PAGE: GET /welcome with {} and HTTP headers {}
REQUESTING PAGE: POST /administrators with {"utf8"=>"\xE2\x9C\x93", "administrator"=>{"username"=>"davidmcclure", "password"=>"scholarslab", "password_confirmation"=>"scholarslab", "email"=>"david.mcclure@virginia.edu", "firstname"=>"David", "lastname"=>"McClure", "is_superadmin"=>"1"}, "commit"=>"Continue"} and HTTP headers {"HTTP_REFERER"=>"/welcome"}
REQUESTING PAGE: GET http://www.example.com/ with {} and HTTP headers {"HTTP_REFERER"=>"/administrators"}
REQUESTING PAGE: GET /welcome with {} and HTTP headers {}
REQUESTING PAGE: POST /administrators with {"utf8"=>"\xE2\x9C\x93", "administrator"=>{"username"=>"", "password"=>"", "password_confirmation"=>"", "email"=>"", "firstname"=>"", "lastname"=>"", "is_superadmin"=>"1"}, "commit"=>"Continue"} and HTTP headers {"HTTP_REFERER"=>"/welcome"}
REQUESTING PAGE: GET /welcome with {} and HTTP headers {}
REQUESTING PAGE: POST /administrators with {"utf8"=>"\xE2\x9C\x93", "administrator"=>{"username"=>"davidmcclure", "password"=>"scholarslab", "password_confirmation"=>"scholarslab", "email"=>"david.mcclure@virginia.edu", "firstname"=>"David", "lastname"=>"McClure", "is_superadmin"=>"1"}, "commit"=>"Continue"} and HTTP headers {"HTTP_REFERER"=>"/welcome"}
REQUESTING PAGE: GET http://www.example.com/ with {} and HTTP headers {"HTTP_REFERER"=>"/administrators"}
REQUESTING PAGE: GET /welcome with {} and HTTP headers {}
REQUESTING PAGE: POST /administrators with {"utf8"=>"\xE2\x9C\x93", "administrator"=>{"username"=>"", "password"=>"", "password_confirmation"=>"", "email"=>"", "firstname"=>"", "lastname"=>"", "is_superadmin"=>"1"}, "commit"=>"Continue"} and HTTP headers {"HTTP_REFERER"=>"/welcome"}
REQUESTING PAGE: GET /welcome with {} and HTTP headers {}
REQUESTING PAGE: POST /administrators with {"utf8"=>"\xE2\x9C\x93", "administrator"=>{"username"=>"davidmcclure", "password"=>"scholarslab", "password_confirmation"=>"scholarslab", "email"=>"david.mcclure@virginia.edu", "firstname"=>"David", "lastname"=>"McClure", "is_superadmin"=>"1"}, "commit"=>"Continue"} and HTTP headers {"HTTP_REFERER"=>"/welcome"}
REQUESTING PAGE: GET http://www.example.com/ with {} and HTTP headers {"HTTP_REFERER"=>"/administrators"}
REQUESTING PAGE: GET /welcome with {} and HTTP headers {}
REQUESTING PAGE: POST /administrators with {"utf8"=>"\xE2\x9C\x93", "administrator"=>{"username"=>"", "password"=>"", "password_confirmation"=>"", "email"=>"", "firstname"=>"", "lastname"=>"", "is_superadmin"=>"1"}, "commit"=>"Continue"} and HTTP headers {"HTTP_REFERER"=>"/welcome"}
REQUESTING PAGE: GET /welcome with {} and HTTP headers {}
REQUESTING PAGE: POST /administrators with {"utf8"=>"\xE2\x9C\x93", "administrator"=>{"username"=>"davidmcclure", "password"=>"scholarslab", "password_confirmation"=>"scholarslab", "email"=>"david.mcclure@virginia.edu", "firstname"=>"David", "lastname"=>"McClure", "is_superadmin"=>"1"}, "commit"=>"Continue"} and HTTP headers {"HTTP_REFERER"=>"/welcome"}
REQUESTING PAGE: GET http://www.example.com/ with {} and HTTP headers {"HTTP_REFERER"=>"/administrators"}
REQUESTING PAGE: GET /welcome with {} and HTTP headers {}
REQUESTING PAGE: POST /administrators with {"utf8"=>"\xE2\x9C\x93", "administrator"=>{"username"=>"", "password"=>"", "password_confirmation"=>"", "email"=>"", "firstname"=>"", "lastname"=>"", "is_superadmin"=>"1"}, "commit"=>"Continue"} and HTTP headers {"HTTP_REFERER"=>"/welcome"}
REQUESTING PAGE: GET /welcome with {} and HTTP headers {}
REQUESTING PAGE: POST /administrators with {"utf8"=>"\xE2\x9C\x93", "administrator"=>{"username"=>"davidmcclure", "password"=>"scholarslab", "password_confirmation"=>"scholarslab", "email"=>"david.mcclure@virginia.edu", "firstname"=>"David", "lastname"=>"McClure", "is_superadmin"=>"1"}, "commit"=>"Continue"} and HTTP headers {"HTTP_REFERER"=>"/welcome"}
REQUESTING PAGE: GET http://www.example.com/ with {} and HTTP headers {"HTTP_REFERER"=>"/administrators"}
REQUESTING PAGE: GET /welcome with {} and HTTP headers {}
REQUESTING PAGE: POST /administrators with {"utf8"=>"\xE2\x9C\x93", "administrator"=>{"username"=>"", "password"=>"", "password_confirmation"=>"", "email"=>"", "firstname"=>"", "lastname"=>"", "is_superadmin"=>"1"}, "commit"=>"Continue"} and HTTP headers {"HTTP_REFERER"=>"/welcome"}
REQUESTING PAGE: GET /welcome with {} and HTTP headers {}
REQUESTING PAGE: POST /administrators with {"utf8"=>"\xE2\x9C\x93", "administrator"=>{"username"=>"davidmcclure", "password"=>"scholarslab", "password_confirmation"=>"scholarslab", "email"=>"david.mcclure@virginia.edu", "firstname"=>"David", "lastname"=>"McClure", "is_superadmin"=>"1"}, "commit"=>"Continue"} and HTTP headers {"HTTP_REFERER"=>"/welcome"}
REQUESTING PAGE: GET http://www.example.com/ with {} and HTTP headers {"HTTP_REFERER"=>"/administrators"}
REQUESTING PAGE: GET /welcome with {} and HTTP headers {}
REQUESTING PAGE: POST /administrators with {"utf8"=>"\xE2\x9C\x93", "administrator"=>{"username"=>"", "password"=>"", "password_confirmation"=>"", "email"=>"", "firstname"=>"", "lastname"=>"", "is_superadmin"=>"1"}, "commit"=>"Continue"} and HTTP headers {"HTTP_REFERER"=>"/welcome"}
REQUESTING PAGE: GET /welcome with {} and HTTP headers {}
REQUESTING PAGE: POST /administrators with {"utf8"=>"\xE2\x9C\x93", "administrator"=>{"username"=>"davidmcclure", "password"=>"scholarslab", "password_confirmation"=>"scholarslab", "email"=>"david.mcclure@virginia.edu", "firstname"=>"David", "lastname"=>"McClure", "is_superadmin"=>"1"}, "commit"=>"Continue"} and HTTP headers {"HTTP_REFERER"=>"/welcome"}
REQUESTING PAGE: GET http://www.example.com/ with {} and HTTP headers {"HTTP_REFERER"=>"/administrators"}
REQUESTING PAGE: GET http://www.example.com/signin with {} and HTTP headers {"HTTP_REFERER"=>"http://www.example.com/"}
REQUESTING PAGE: GET /welcome with {} and HTTP headers {}
REQUESTING PAGE: POST /administrators with {"utf8"=>"\xE2\x9C\x93", "administrator"=>{"username"=>"", "password"=>"", "password_confirmation"=>"", "email"=>"", "firstname"=>"", "lastname"=>"", "is_superadmin"=>"1"}, "commit"=>"Continue"} and HTTP headers {"HTTP_REFERER"=>"/welcome"}
REQUESTING PAGE: GET /welcome with {} and HTTP headers {}
REQUESTING PAGE: POST /administrators with {"utf8"=>"\xE2\x9C\x93", "administrator"=>{"username"=>"davidmcclure", "password"=>"scholarslab", "password_confirmation"=>"scholarslab", "email"=>"david.mcclure@virginia.edu", "firstname"=>"David", "lastname"=>"McClure", "is_superadmin"=>"1"}, "commit"=>"Continue"} and HTTP headers {"HTTP_REFERER"=>"/welcome"}
REQUESTING PAGE: GET http://www.example.com/ with {} and HTTP headers {"HTTP_REFERER"=>"/administrators"}
REQUESTING PAGE: GET http://www.example.com/signin with {} and HTTP headers {"HTTP_REFERER"=>"http://www.example.com/"}
REQUESTING PAGE: GET /welcome with {} and HTTP headers {}
REQUESTING PAGE: POST /administrators with {"utf8"=>"\xE2\x9C\x93", "administrator"=>{"username"=>"", "password"=>"", "password_confirmation"=>"", "email"=>"", "firstname"=>"", "lastname"=>"", "is_superadmin"=>"1"}, "commit"=>"Continue"} and HTTP headers {"HTTP_REFERER"=>"/welcome"}
REQUESTING PAGE: GET /welcome with {} and HTTP headers {}
REQUESTING PAGE: POST /administrators with {"utf8"=>"\xE2\x9C\x93", "administrator"=>{"username"=>"davidmcclure", "password"=>"scholarslab", "password_confirmation"=>"scholarslab", "email"=>"david.mcclure@virginia.edu", "firstname"=>"David", "lastname"=>"McClure", "is_superadmin"=>"1"}, "commit"=>"Continue"} and HTTP headers {"HTTP_REFERER"=>"/welcome"}
REQUESTING PAGE: GET http://www.example.com/ with {} and HTTP headers {"HTTP_REFERER"=>"/administrators"}
REQUESTING PAGE: GET http://www.example.com/signin with {} and HTTP headers {"HTTP_REFERER"=>"http://www.example.com/"}
REQUESTING PAGE: GET /welcome with {} and HTTP headers {}
REQUESTING PAGE: POST /administrators with {"utf8"=>"\xE2\x9C\x93", "administrator"=>{"username"=>"", "password"=>"", "password_confirmation"=>"", "email"=>"", "firstname"=>"", "lastname"=>"", "is_superadmin"=>"1"}, "commit"=>"Continue"} and HTTP headers {"HTTP_REFERER"=>"/welcome"}
REQUESTING PAGE: GET /welcome with {} and HTTP headers {}
REQUESTING PAGE: POST /administrators with {"utf8"=>"\xE2\x9C\x93", "administrator"=>{"username"=>"davidmcclure", "password"=>"scholarslab", "password_confirmation"=>"scholarslab", "email"=>"david.mcclure@virginia.edu", "firstname"=>"David", "lastname"=>"McClure", "is_superadmin"=>"1"}, "commit"=>"Continue"} and HTTP headers {"HTTP_REFERER"=>"/welcome"}
REQUESTING PAGE: GET http://www.example.com/ with {} and HTTP headers {"HTTP_REFERER"=>"/administrators"}
REQUESTING PAGE: GET http://www.example.com/signin with {} and HTTP headers {"HTTP_REFERER"=>"http://www.example.com/"}
REQUESTING PAGE: GET /welcome with {} and HTTP headers {}
REQUESTING PAGE: POST /administrators with {"utf8"=>"\xE2\x9C\x93", "administrator"=>{"username"=>"", "password"=>"", "password_confirmation"=>"", "email"=>"", "firstname"=>"", "lastname"=>"", "is_superadmin"=>"1"}, "commit"=>"Continue"} and HTTP headers {"HTTP_REFERER"=>"/welcome"}
REQUESTING PAGE: GET /welcome with {} and HTTP headers {}
REQUESTING PAGE: POST /administrators with {"utf8"=>"\xE2\x9C\x93", "administrator"=>{"username"=>"davidmcclure", "password"=>"scholarslab", "password_confirmation"=>"scholarslab", "email"=>"david.mcclure@virginia.edu", "firstname"=>"David", "lastname"=>"McClure", "is_superadmin"=>"1"}, "commit"=>"Continue"} and HTTP headers {"HTTP_REFERER"=>"/welcome"}
REQUESTING PAGE: GET http://www.example.com/ with {} and HTTP headers {"HTTP_REFERER"=>"/administrators"}
REQUESTING PAGE: GET http://www.example.com/signin with {} and HTTP headers {"HTTP_REFERER"=>"http://www.example.com/"}
REQUESTING PAGE: GET /welcome with {} and HTTP headers {}
REQUESTING PAGE: POST /administrators with {"utf8"=>"\xE2\x9C\x93", "administrator"=>{"username"=>"", "password"=>"", "password_confirmation"=>"", "email"=>"", "firstname"=>"", "lastname"=>"", "is_superadmin"=>"1"}, "commit"=>"Continue"} and HTTP headers {"HTTP_REFERER"=>"/welcome"}
REQUESTING PAGE: GET /welcome with {} and HTTP headers {}
REQUESTING PAGE: POST /administrators with {"utf8"=>"\xE2\x9C\x93", "administrator"=>{"username"=>"davidmcclure", "password"=>"scholarslab", "password_confirmation"=>"scholarslab", "email"=>"david.mcclure@virginia.edu", "firstname"=>"David", "lastname"=>"McClure", "is_superadmin"=>"1"}, "commit"=>"Continue"} and HTTP headers {"HTTP_REFERER"=>"/welcome"}
REQUESTING PAGE: GET http://www.example.com/ with {} and HTTP headers {"HTTP_REFERER"=>"/administrators"}
REQUESTING PAGE: GET http://www.example.com/signin with {} and HTTP headers {"HTTP_REFERER"=>"http://www.example.com/"}
REQUESTING PAGE: GET /welcome with {} and HTTP headers {}
REQUESTING PAGE: POST /administrators with {"utf8"=>"\xE2\x9C\x93", "administrator"=>{"username"=>"", "password"=>"", "password_confirmation"=>"", "email"=>"", "firstname"=>"", "lastname"=>"", "is_superadmin"=>"1"}, "commit"=>"Continue"} and HTTP headers {"HTTP_REFERER"=>"/welcome"}
REQUESTING PAGE: GET /welcome with {} and HTTP headers {}
REQUESTING PAGE: POST /administrators with {"utf8"=>"\xE2\x9C\x93", "administrator"=>{"username"=>"davidmcclure", "password"=>"scholarslab", "password_confirmation"=>"scholarslab", "email"=>"david.mcclure@virginia.edu", "firstname"=>"David", "lastname"=>"McClure", "is_superadmin"=>"1"}, "commit"=>"Continue"} and HTTP headers {"HTTP_REFERER"=>"/welcome"}
REQUESTING PAGE: GET http://www.example.com/ with {} and HTTP headers {"HTTP_REFERER"=>"/administrators"}
REQUESTING PAGE: GET http://www.example.com/signin with {} and HTTP headers {"HTTP_REFERER"=>"http://www.example.com/"}
REQUESTING PAGE: GET /welcome with {} and HTTP headers {}
REQUESTING PAGE: POST /administrators with {"utf8"=>"\xE2\x9C\x93", "administrator"=>{"username"=>"", "password"=>"", "password_confirmation"=>"", "email"=>"", "firstname"=>"", "lastname"=>"", "is_superadmin"=>"1"}, "commit"=>"Continue"} and HTTP headers {"HTTP_REFERER"=>"/welcome"}
REQUESTING PAGE: GET /welcome with {} and HTTP headers {}
REQUESTING PAGE: POST /administrators with {"utf8"=>"\xE2\x9C\x93", "administrator"=>{"username"=>"davidmcclure", "password"=>"scholarslab", "password_confirmation"=>"scholarslab", "email"=>"david.mcclure@virginia.edu", "firstname"=>"David", "lastname"=>"McClure", "is_superadmin"=>"1"}, "commit"=>"Continue"} and HTTP headers {"HTTP_REFERER"=>"/welcome"}
REQUESTING PAGE: GET http://www.example.com/ with {} and HTTP headers {"HTTP_REFERER"=>"/administrators"}
REQUESTING PAGE: GET http://www.example.com/signin with {} and HTTP headers {"HTTP_REFERER"=>"http://www.example.com/"}
REQUESTING PAGE: GET /welcome with {} and HTTP headers {}
REQUESTING PAGE: POST /administrators with {"utf8"=>"\xE2\x9C\x93", "administrator"=>{"username"=>"", "password"=>"", "password_confirmation"=>"", "email"=>"", "firstname"=>"", "lastname"=>"", "is_superadmin"=>"1"}, "commit"=>"Continue"} and HTTP headers {"HTTP_REFERER"=>"/welcome"}
REQUESTING PAGE: GET /welcome with {} and HTTP headers {}
REQUESTING PAGE: POST /administrators with {"utf8"=>"\xE2\x9C\x93", "administrator"=>{"username"=>"davidmcclure", "password"=>"scholarslab", "password_confirmation"=>"scholarslab", "email"=>"david.mcclure@virginia.edu", "firstname"=>"David", "lastname"=>"McClure", "is_superadmin"=>"1"}, "commit"=>"Continue"} and HTTP headers {"HTTP_REFERER"=>"/welcome"}
REQUESTING PAGE: GET http://www.example.com/ with {} and HTTP headers {"HTTP_REFERER"=>"/administrators"}
REQUESTING PAGE: GET http://www.example.com/signin with {} and HTTP headers {"HTTP_REFERER"=>"http://www.example.com/"}
REQUESTING PAGE: GET /welcome with {} and HTTP headers {}
REQUESTING PAGE: POST /administrators with {"utf8"=>"\xE2\x9C\x93", "administrator"=>{"username"=>"", "password"=>"", "password_confirmation"=>"", "email"=>"", "firstname"=>"", "lastname"=>"", "is_superadmin"=>"1"}, "commit"=>"Continue"} and HTTP headers {"HTTP_REFERER"=>"/welcome"}
REQUESTING PAGE: GET /welcome with {} and HTTP headers {}
REQUESTING PAGE: POST /administrators with {"utf8"=>"\xE2\x9C\x93", "administrator"=>{"username"=>"davidmcclure", "password"=>"scholarslab", "password_confirmation"=>"scholarslab", "email"=>"david.mcclure@virginia.edu", "firstname"=>"David", "lastname"=>"McClure", "is_superadmin"=>"1"}, "commit"=>"Continue"} and HTTP headers {"HTTP_REFERER"=>"/welcome"}
REQUESTING PAGE: GET http://www.example.com/ with {} and HTTP headers {"HTTP_REFERER"=>"/administrators"}
REQUESTING PAGE: GET http://www.example.com/signin with {} and HTTP headers {"HTTP_REFERER"=>"http://www.example.com/"}
REQUESTING PAGE: GET /welcome with {} and HTTP headers {}
REQUESTING PAGE: POST /administrators with {"utf8"=>"\xE2\x9C\x93", "administrator"=>{"username"=>"", "password"=>"", "password_confirmation"=>"", "email"=>"", "firstname"=>"", "lastname"=>"", "is_superadmin"=>"1"}, "commit"=>"Continue"} and HTTP headers {"HTTP_REFERER"=>"/welcome"}
REQUESTING PAGE: GET /welcome with {} and HTTP headers {}
REQUESTING PAGE: POST /administrators with {"utf8"=>"\xE2\x9C\x93", "administrator"=>{"username"=>"davidmcclure", "password"=>"scholarslab", "password_confirmation"=>"scholarslab", "email"=>"david.mcclure@virginia.edu", "firstname"=>"David", "lastname"=>"McClure", "is_superadmin"=>"1"}, "commit"=>"Continue"} and HTTP headers {"HTTP_REFERER"=>"/welcome"}
REQUESTING PAGE: GET http://www.example.com/ with {} and HTTP headers {"HTTP_REFERER"=>"/administrators"}
REQUESTING PAGE: GET http://www.example.com/signin with {} and HTTP headers {"HTTP_REFERER"=>"http://www.example.com/"}
REQUESTING PAGE: GET /welcome with {} and HTTP headers {}
REQUESTING PAGE: POST /administrators with {"utf8"=>"\xE2\x9C\x93", "administrator"=>{"username"=>"", "password"=>"", "password_confirmation"=>"", "email"=>"", "firstname"=>"", "lastname"=>"", "is_superadmin"=>"1"}, "commit"=>"Continue"} and HTTP headers {"HTTP_REFERER"=>"/welcome"}
REQUESTING PAGE: GET /welcome with {} and HTTP headers {}
REQUESTING PAGE: POST /administrators with {"utf8"=>"\xE2\x9C\x93", "administrator"=>{"username"=>"davidmcclure", "password"=>"scholarslab", "password_confirmation"=>"scholarslab", "email"=>"david.mcclure@virginia.edu", "firstname"=>"David", "lastname"=>"McClure", "is_superadmin"=>"1"}, "commit"=>"Continue"} and HTTP headers {"HTTP_REFERER"=>"/welcome"}
REQUESTING PAGE: GET http://www.example.com/ with {} and HTTP headers {"HTTP_REFERER"=>"/administrators"}
REQUESTING PAGE: GET http://www.example.com/signin with {} and HTTP headers {"HTTP_REFERER"=>"http://www.example.com/"}
REQUESTING PAGE: GET /welcome with {} and HTTP headers {}
REQUESTING PAGE: POST /administrators with {"utf8"=>"\xE2\x9C\x93", "administrator"=>{"username"=>"", "password"=>"", "password_confirmation"=>"", "email"=>"", "firstname"=>"", "lastname"=>"", "is_superadmin"=>"1"}, "commit"=>"Continue"} and HTTP headers {"HTTP_REFERER"=>"/welcome"}
REQUESTING PAGE: GET /welcome with {} and HTTP headers {}
REQUESTING PAGE: POST /administrators with {"utf8"=>"\xE2\x9C\x93", "administrator"=>{"username"=>"davidmcclure", "password"=>"scholarslab", "password_confirmation"=>"scholarslab", "email"=>"david.mcclure@virginia.edu", "firstname"=>"David", "lastname"=>"McClure", "is_superadmin"=>"1"}, "commit"=>"Continue"} and HTTP headers {"HTTP_REFERER"=>"/welcome"}
REQUESTING PAGE: GET http://www.example.com/ with {} and HTTP headers {"HTTP_REFERER"=>"/administrators"}
REQUESTING PAGE: GET http://www.example.com/signin with {} and HTTP headers {"HTTP_REFERER"=>"http://www.example.com/"}
REQUESTING PAGE: GET /welcome with {} and HTTP headers {}
REQUESTING PAGE: POST /administrators with {"utf8"=>"\xE2\x9C\x93", "administrator"=>{"username"=>"", "password"=>"", "password_confirmation"=>"", "email"=>"", "firstname"=>"", "lastname"=>"", "is_superadmin"=>"1"}, "commit"=>"Continue"} and HTTP headers {"HTTP_REFERER"=>"/welcome"}
REQUESTING PAGE: GET /welcome with {} and HTTP headers {}
REQUESTING PAGE: POST /administrators with {"utf8"=>"\xE2\x9C\x93", "administrator"=>{"username"=>"davidmcclure", "password"=>"scholarslab", "password_confirmation"=>"scholarslab", "email"=>"david.mcclure@virginia.edu", "firstname"=>"David", "lastname"=>"McClure", "is_superadmin"=>"1"}, "commit"=>"Continue"} and HTTP headers {"HTTP_REFERER"=>"/welcome"}
REQUESTING PAGE: GET http://www.example.com/ with {} and HTTP headers {"HTTP_REFERER"=>"/administrators"}
REQUESTING PAGE: GET /welcome with {} and HTTP headers {}
REQUESTING PAGE: POST /administrators with {"utf8"=>"\xE2\x9C\x93", "administrator"=>{"username"=>"", "password"=>"", "password_confirmation"=>"", "email"=>"", "firstname"=>"", "lastname"=>"", "is_superadmin"=>"1"}, "commit"=>"Continue"} and HTTP headers {"HTTP_REFERER"=>"/welcome"}
REQUESTING PAGE: GET /welcome with {} and HTTP headers {}
REQUESTING PAGE: POST /administrators with {"utf8"=>"\xE2\x9C\x93", "administrator"=>{"username"=>"davidmcclure", "password"=>"scholarslab", "password_confirmation"=>"scholarslab", "email"=>"david.mcclure@virginia.edu", "firstname"=>"David", "lastname"=>"McClure", "is_superadmin"=>"1"}, "commit"=>"Continue"} and HTTP headers {"HTTP_REFERER"=>"/welcome"}
REQUESTING PAGE: GET http://www.example.com/ with {} and HTTP headers {"HTTP_REFERER"=>"/administrators"}
REQUESTING PAGE: GET /welcome with {} and HTTP headers {}
REQUESTING PAGE: POST /administrators with {"utf8"=>"\xE2\x9C\x93", "administrator"=>{"username"=>"", "password"=>"", "password_confirmation"=>"", "email"=>"", "firstname"=>"", "lastname"=>"", "is_superadmin"=>"1"}, "commit"=>"Continue"} and HTTP headers {"HTTP_REFERER"=>"/welcome"}
REQUESTING PAGE: GET /welcome with {} and HTTP headers {}
REQUESTING PAGE: POST /administrators with {"utf8"=>"\xE2\x9C\x93", "administrator"=>{"username"=>"davidmcclure", "password"=>"scholarslab", "password_confirmation"=>"scholarslab", "email"=>"david.mcclure@virginia.edu", "firstname"=>"David", "lastname"=>"McClure", "is_superadmin"=>"1"}, "commit"=>"Continue"} and HTTP headers {"HTTP_REFERER"=>"/welcome"}
REQUESTING PAGE: GET http://www.example.com/ with {} and HTTP headers {"HTTP_REFERER"=>"/administrators"}
REQUESTING PAGE: GET /welcome with {} and HTTP headers {}
REQUESTING PAGE: POST /administrators with {"utf8"=>"\xE2\x9C\x93", "administrator"=>{"username"=>"", "password"=>"", "password_confirmation"=>"", "email"=>"", "firstname"=>"", "lastname"=>"", "is_superadmin"=>"1"}, "commit"=>"Continue"} and HTTP headers {"HTTP_REFERER"=>"/welcome"}
REQUESTING PAGE: GET /welcome with {} and HTTP headers {}
REQUESTING PAGE: POST /administrators with {"utf8"=>"\xE2\x9C\x93", "administrator"=>{"username"=>"davidmcclure", "password"=>"scholarslab", "password_confirmation"=>"scholarslab", "email"=>"david.mcclure@virginia.edu", "firstname"=>"David", "lastname"=>"McClure", "is_superadmin"=>"1"}, "commit"=>"Continue"} and HTTP headers {"HTTP_REFERER"=>"/welcome"}
REQUESTING PAGE: GET http://www.example.com/ with {} and HTTP headers {"HTTP_REFERER"=>"/administrators"}
REQUESTING PAGE: GET /welcome with {} and HTTP headers {}
REQUESTING PAGE: POST /administrators with {"utf8"=>"\xE2\x9C\x93", "administrator"=>{"username"=>"", "password"=>"", "password_confirmation"=>"", "email"=>"", "firstname"=>"", "lastname"=>"", "is_superadmin"=>"1"}, "commit"=>"Continue"} and HTTP headers {"HTTP_REFERER"=>"/welcome"}
REQUESTING PAGE: GET /welcome with {} and HTTP headers {}
REQUESTING PAGE: POST /administrators with {"utf8"=>"\xE2\x9C\x93", "administrator"=>{"username"=>"davidmcclure", "password"=>"scholarslab", "password_confirmation"=>"scholarslab", "email"=>"david.mcclure@virginia.edu", "firstname"=>"David", "lastname"=>"McClure", "is_superadmin"=>"1"}, "commit"=>"Continue"} and HTTP headers {"HTTP_REFERER"=>"/welcome"}
REQUESTING PAGE: GET http://www.example.com/ with {} and HTTP headers {"HTTP_REFERER"=>"/administrators"}
REQUESTING PAGE: GET /signin with {} and HTTP headers {}
REQUESTING PAGE: GET /welcome with {} and HTTP headers {}
REQUESTING PAGE: POST /administrators with {"utf8"=>"\xE2\x9C\x93", "administrator"=>{"username"=>"", "password"=>"", "password_confirmation"=>"", "email"=>"", "firstname"=>"", "lastname"=>"", "is_superadmin"=>"1"}, "commit"=>"Continue"} and HTTP headers {"HTTP_REFERER"=>"/welcome"}
REQUESTING PAGE: GET /welcome with {} and HTTP headers {}
REQUESTING PAGE: POST /administrators with {"utf8"=>"\xE2\x9C\x93", "administrator"=>{"username"=>"davidmcclure", "password"=>"scholarslab", "password_confirmation"=>"scholarslab", "email"=>"david.mcclure@virginia.edu", "firstname"=>"David", "lastname"=>"McClure", "is_superadmin"=>"1"}, "commit"=>"Continue"} and HTTP headers {"HTTP_REFERER"=>"/welcome"}
REQUESTING PAGE: GET http://www.example.com/ with {} and HTTP headers {"HTTP_REFERER"=>"/administrators"}
REQUESTING PAGE: GET /signin with {} and HTTP headers {}
REQUESTING PAGE: GET /welcome with {} and HTTP headers {}
REQUESTING PAGE: POST /administrators with {"utf8"=>"\xE2\x9C\x93", "administrator"=>{"username"=>"", "password"=>"", "password_confirmation"=>"", "email"=>"", "firstname"=>"", "lastname"=>"", "is_superadmin"=>"1"}, "commit"=>"Continue"} and HTTP headers {"HTTP_REFERER"=>"/welcome"}
REQUESTING PAGE: GET /welcome with {} and HTTP headers {}
REQUESTING PAGE: POST /administrators with {"utf8"=>"\xE2\x9C\x93", "administrator"=>{"username"=>"davidmcclure", "password"=>"scholarslab", "password_confirmation"=>"scholarslab", "email"=>"david.mcclure@virginia.edu", "firstname"=>"David", "lastname"=>"McClure", "is_superadmin"=>"1"}, "commit"=>"Continue"} and HTTP headers {"HTTP_REFERER"=>"/welcome"}
REQUESTING PAGE: GET http://www.example.com/ with {} and HTTP headers {"HTTP_REFERER"=>"/administrators"}
REQUESTING PAGE: GET /signin with {} and HTTP headers {}
REQUESTING PAGE: GET /welcome with {} and HTTP headers {}
REQUESTING PAGE: POST /administrators with {"utf8"=>"\xE2\x9C\x93", "administrator"=>{"username"=>"", "password"=>"", "password_confirmation"=>"", "email"=>"", "firstname"=>"", "lastname"=>"", "is_superadmin"=>"1"}, "commit"=>"Continue"} and HTTP headers {"HTTP_REFERER"=>"/welcome"}
REQUESTING PAGE: GET /welcome with {} and HTTP headers {}
REQUESTING PAGE: POST /administrators with {"utf8"=>"\xE2\x9C\x93", "administrator"=>{"username"=>"davidmcclure", "password"=>"scholarslab", "password_confirmation"=>"scholarslab", "email"=>"david.mcclure@virginia.edu", "firstname"=>"David", "lastname"=>"McClure", "is_superadmin"=>"1"}, "commit"=>"Continue"} and HTTP headers {"HTTP_REFERER"=>"/welcome"}
REQUESTING PAGE: GET http://www.example.com/ with {} and HTTP headers {"HTTP_REFERER"=>"/administrators"}
REQUESTING PAGE: GET /signin with {} and HTTP headers {}
REQUESTING PAGE: GET /welcome with {} and HTTP headers {}
REQUESTING PAGE: POST /administrators with {"utf8"=>"\xE2\x9C\x93", "administrator"=>{"username"=>"", "password"=>"", "password_confirmation"=>"", "email"=>"", "firstname"=>"", "lastname"=>"", "is_superadmin"=>"1"}, "commit"=>"Continue"} and HTTP headers {"HTTP_REFERER"=>"/welcome"}
REQUESTING PAGE: GET /welcome with {} and HTTP headers {}
REQUESTING PAGE: POST /administrators with {"utf8"=>"\xE2\x9C\x93", "administrator"=>{"username"=>"davidmcclure", "password"=>"scholarslab", "password_confirmation"=>"scholarslab", "email"=>"david.mcclure@virginia.edu", "firstname"=>"David", "lastname"=>"McClure", "is_superadmin"=>"1"}, "commit"=>"Continue"} and HTTP headers {"HTTP_REFERER"=>"/welcome"}
REQUESTING PAGE: GET http://www.example.com/ with {} and HTTP headers {"HTTP_REFERER"=>"/administrators"}
REQUESTING PAGE: GET /signin with {} and HTTP headers {}
REQUESTING PAGE: GET /welcome with {} and HTTP headers {}
REQUESTING PAGE: POST /administrators with {"utf8"=>"\xE2\x9C\x93", "administrator"=>{"username"=>"", "password"=>"", "password_confirmation"=>"", "email"=>"", "firstname"=>"", "lastname"=>"", "is_superadmin"=>"1"}, "commit"=>"Continue"} and HTTP headers {"HTTP_REFERER"=>"/welcome"}
REQUESTING PAGE: GET /welcome with {} and HTTP headers {}
REQUESTING PAGE: POST /administrators with {"utf8"=>"\xE2\x9C\x93", "administrator"=>{"username"=>"davidmcclure", "password"=>"scholarslab", "password_confirmation"=>"scholarslab", "email"=>"david.mcclure@virginia.edu", "firstname"=>"David", "lastname"=>"McClure", "is_superadmin"=>"1"}, "commit"=>"Continue"} and HTTP headers {"HTTP_REFERER"=>"/welcome"}
REQUESTING PAGE: GET http://www.example.com/ with {} and HTTP headers {"HTTP_REFERER"=>"/administrators"}
REQUESTING PAGE: GET /signin with {} and HTTP headers {}
REQUESTING PAGE: GET /welcome with {} and HTTP headers {}
REQUESTING PAGE: POST /administrators with {"utf8"=>"\xE2\x9C\x93", "administrator"=>{"username"=>"", "password"=>"", "password_confirmation"=>"", "email"=>"", "firstname"=>"", "lastname"=>"", "is_superadmin"=>"1"}, "commit"=>"Continue"} and HTTP headers {"HTTP_REFERER"=>"/welcome"}
REQUESTING PAGE: GET /welcome with {} and HTTP headers {}
REQUESTING PAGE: POST /administrators with {"utf8"=>"\xE2\x9C\x93", "administrator"=>{"username"=>"davidmcclure", "password"=>"scholarslab", "password_confirmation"=>"scholarslab", "email"=>"david.mcclure@virginia.edu", "firstname"=>"David", "lastname"=>"McClure", "is_superadmin"=>"1"}, "commit"=>"Continue"} and HTTP headers {"HTTP_REFERER"=>"/welcome"}
REQUESTING PAGE: GET http://www.example.com/ with {} and HTTP headers {"HTTP_REFERER"=>"/administrators"}
REQUESTING PAGE: GET /signin with {} and HTTP headers {}
REQUESTING PAGE: POST /sessions with {"utf8"=>"\xE2\x9C\x93", "administrator"=>{"username"=>"invalid", "password"=>"invalid"}, "commit"=>"Sign In"} and HTTP headers {"HTTP_REFERER"=>"/signin"}
REQUESTING PAGE: GET /welcome with {} and HTTP headers {}
REQUESTING PAGE: POST /administrators with {"utf8"=>"\xE2\x9C\x93", "administrator"=>{"username"=>"", "password"=>"", "password_confirmation"=>"", "email"=>"", "firstname"=>"", "lastname"=>"", "is_superadmin"=>"1"}, "commit"=>"Continue"} and HTTP headers {"HTTP_REFERER"=>"/welcome"}
REQUESTING PAGE: GET /welcome with {} and HTTP headers {}
REQUESTING PAGE: POST /administrators with {"utf8"=>"\xE2\x9C\x93", "administrator"=>{"username"=>"davidmcclure", "password"=>"scholarslab", "password_confirmation"=>"scholarslab", "email"=>"david.mcclure@virginia.edu", "firstname"=>"David", "lastname"=>"McClure", "is_superadmin"=>"1"}, "commit"=>"Continue"} and HTTP headers {"HTTP_REFERER"=>"/welcome"}
REQUESTING PAGE: GET http://www.example.com/ with {} and HTTP headers {"HTTP_REFERER"=>"/administrators"}
REQUESTING PAGE: GET /signin with {} and HTTP headers {}
REQUESTING PAGE: POST /sessions with {"utf8"=>"\xE2\x9C\x93", "administrator"=>{"username"=>"invalid", "password"=>"invalid"}, "commit"=>"Sign In"} and HTTP headers {"HTTP_REFERER"=>"/signin"}
REQUESTING PAGE: GET /welcome with {} and HTTP headers {}
REQUESTING PAGE: POST /administrators with {"utf8"=>"\xE2\x9C\x93", "administrator"=>{"username"=>"", "password"=>"", "password_confirmation"=>"", "email"=>"", "firstname"=>"", "lastname"=>"", "is_superadmin"=>"1"}, "commit"=>"Continue"} and HTTP headers {"HTTP_REFERER"=>"/welcome"}
REQUESTING PAGE: GET /welcome with {} and HTTP headers {}
REQUESTING PAGE: POST /administrators with {"utf8"=>"\xE2\x9C\x93", "administrator"=>{"username"=>"davidmcclure", "password"=>"scholarslab", "password_confirmation"=>"scholarslab", "email"=>"david.mcclure@virginia.edu", "firstname"=>"David", "lastname"=>"McClure", "is_superadmin"=>"1"}, "commit"=>"Continue"} and HTTP headers {"HTTP_REFERER"=>"/welcome"}
REQUESTING PAGE: GET http://www.example.com/ with {} and HTTP headers {"HTTP_REFERER"=>"/administrators"}
REQUESTING PAGE: GET /signin with {} and HTTP headers {}
REQUESTING PAGE: POST /sessions with {"utf8"=>"\xE2\x9C\x93", "administrator"=>{"username"=>"invalid", "password"=>"invalid"}, "commit"=>"Sign In"} and HTTP headers {"HTTP_REFERER"=>"/signin"}
REQUESTING PAGE: GET /signin with {} and HTTP headers {}
REQUESTING PAGE: POST /sessions with {"utf8"=>"\xE2\x9C\x93", "administrator"=>{"username"=>"davidmcclure", "password"=>"scholarslab"}, "commit"=>"Sign In"} and HTTP headers {"HTTP_REFERER"=>"/signin"}
REQUESTING PAGE: GET http://www.example.com/ with {} and HTTP headers {"HTTP_REFERER"=>"/sessions"}
